# JRE version: OpenJDK Runtime Environment (8.0_152-b02) (build 1.8.0_152-release-1024-b02)
# Java VM: OpenJDK 64-Bit Server VM (25.152-b02 mixed mode windows-amd64 compressed oops)
Heap:
 PSYoungGen      total 468992K, used 181209K [0x00000000e0000000, 0x0000000100000000, 0x0000000100000000)
  eden space 449024K, 40% used [0x00000000e0000000,0x00000000eb0f65e0,0x00000000fb680000)
  from space 19968K, 0% used [0x00000000fb680000,0x00000000fb680000,0x00000000fca00000)
  to   space 19968K, 0% used [0x00000000fec80000,0x00000000fec80000,0x0000000100000000)
 ParOldGen       total 117248K, used 48912K [0x00000000a0000000, 0x00000000a7280000, 0x00000000e0000000)
  object space 117248K, 41% used [0x00000000a0000000,0x00000000a2fc4358,0x00000000a7280000)
 Metaspace       used 85315K, capacity 90794K, committed 93016K, reserved 1130496K
  class space    used 10650K, capacity 11591K, committed 12160K, reserved 1048576K
GC Heap History (10 events):
Event: 11973.393 GC heap before
{Heap before GC invocations=53 (full 3):
 PSYoungGen      total 343040K, used 342647K [0x00000000e0000000, 0x00000000fa200000, 0x0000000100000000)
  eden space 325632K, 99% used [0x00000000e0000000,0x00000000f3da35a8,0x00000000f3e00000)
  from space 17408K, 99% used [0x00000000f3e00000,0x00000000f4efa870,0x00000000f4f00000)
  to   space 20480K, 0% used [0x00000000f8e00000,0x00000000f8e00000,0x00000000fa200000)
 ParOldGen       total 108544K, used 93679K [0x00000000a0000000, 0x00000000a6a00000, 0x00000000e0000000)
  object space 108544K, 86% used [0x00000000a0000000,0x00000000a5b7bfd0,0x00000000a6a00000)
 Metaspace       used 85020K, capacity 91530K, committed 91736K, reserved 1128448K
  class space    used 10736K, capacity 11818K, committed 11904K, reserved 1048576K
Event: 11973.453 GC heap after
Heap after GC invocations=53 (full 3):
 PSYoungGen      total 402432K, used 12282K [0x00000000e0000000, 0x00000000f9f00000, 0x0000000100000000)
  eden space 385024K, 0% used [0x00000000e0000000,0x00000000e0000000,0x00000000f7800000)
  from space 17408K, 70% used [0x00000000f8e00000,0x00000000f99fe900,0x00000000f9f00000)
  to   space 19968K, 0% used [0x00000000f7800000,0x00000000f7800000,0x00000000f8b80000)
 ParOldGen       total 108544K, used 93881K [0x00000000a0000000, 0x00000000a6a00000, 0x00000000e0000000)
  object space 108544K, 86% used [0x00000000a0000000,0x00000000a5bae618,0x00000000a6a00000)
 Metaspace       used 85020K, capacity 91530K, committed 91736K, reserved 1128448K
  class space    used 10736K, capacity 11818K, committed 11904K, reserved 1048576K
}
Event: 12030.043 GC heap before
{Heap before GC invocations=54 (full 3):
 PSYoungGen      total 402432K, used 396432K [0x00000000e0000000, 0x00000000f9f00000, 0x0000000100000000)
  eden space 385024K, 99% used [0x00000000e0000000,0x00000000f7725760,0x00000000f7800000)
  from space 17408K, 70% used [0x00000000f8e00000,0x00000000f99fe900,0x00000000f9f00000)
  to   space 19968K, 0% used [0x00000000f7800000,0x00000000f7800000,0x00000000f8b80000)
 ParOldGen       total 108544K, used 93881K [0x00000000a0000000, 0x00000000a6a00000, 0x00000000e0000000)
  object space 108544K, 86% used [0x00000000a0000000,0x00000000a5bae618,0x00000000a6a00000)
 Metaspace       used 85066K, capacity 91594K, committed 91736K, reserved 1128448K
  class space    used 10736K, capacity 11818K, committed 11904K, reserved 1048576K
Event: 12030.131 GC heap after
Heap after GC invocations=54 (full 3):
 PSYoungGen      total 404992K, used 14954K [0x00000000e0000000, 0x00000000fe180000, 0x0000000100000000)
  eden space 385024K, 0% used [0x00000000e0000000,0x00000000e0000000,0x00000000f7800000)
  from space 19968K, 74% used [0x00000000f7800000,0x00000000f869a910,0x00000000f8b80000)
  to   space 20480K, 0% used [0x00000000fcd80000,0x00000000fcd80000,0x00000000fe180000)
 ParOldGen       total 108544K, used 94081K [0x00000000a0000000, 0x00000000a6a00000, 0x00000000e0000000)
  object space 108544K, 86% used [0x00000000a0000000,0x00000000a5be0638,0x00000000a6a00000)
 Metaspace       used 85066K, capacity 91594K, committed 91736K, reserved 1128448K
  class space    used 10736K, capacity 11818K, committed 11904K, reserved 1048576K
}
Event: 12231.041 GC heap before
{Heap before GC invocations=55 (full 3):
 PSYoungGen      total 404992K, used 399978K [0x00000000e0000000, 0x00000000fe180000, 0x0000000100000000)
  eden space 385024K, 100% used [0x00000000e0000000,0x00000000f7800000,0x00000000f7800000)
  from space 19968K, 74% used [0x00000000f7800000,0x00000000f869a910,0x00000000f8b80000)
  to   space 20480K, 0% used [0x00000000fcd80000,0x00000000fcd80000,0x00000000fe180000)
 ParOldGen       total 108544K, used 94081K [0x00000000a0000000, 0x00000000a6a00000, 0x00000000e0000000)
  object space 108544K, 86% used [0x00000000a0000000,0x00000000a5be0638,0x00000000a6a00000)
 Metaspace       used 85403K, capacity 91958K, committed 92248K, reserved 1130496K
  class space    used 10766K, capacity 11846K, committed 11904K, reserved 1048576K
Event: 12231.575 GC heap after
Heap after GC invocations=55 (full 3):
 PSYoungGen      total 465408K, used 12000K [0x00000000e0000000, 0x00000000fdd80000, 0x0000000100000000)
  eden space 449024K, 0% used [0x00000000e0000000,0x00000000e0000000,0x00000000fb680000)
  from space 16384K, 73% used [0x00000000fcd80000,0x00000000fd938040,0x00000000fdd80000)
  to   space 19968K, 0% used [0x00000000fb680000,0x00000000fb680000,0x00000000fca00000)
 ParOldGen       total 108544K, used 95848K [0x00000000a0000000, 0x00000000a6a00000, 0x00000000e0000000)
  object space 108544K, 88% used [0x00000000a0000000,0x00000000a5d9a2b8,0x00000000a6a00000)
 Metaspace       used 85403K, capacity 91958K, committed 92248K, reserved 1130496K
  class space    used 10766K, capacity 11846K, committed 11904K, reserved 1048576K
}
Event: 12316.145 GC heap before
{Heap before GC invocations=56 (full 3):
 PSYoungGen      total 465408K, used 460246K [0x00000000e0000000, 0x00000000fdd80000, 0x0000000100000000)
  eden space 449024K, 99% used [0x00000000e0000000,0x00000000fb5bdae8,0x00000000fb680000)
  from space 16384K, 73% used [0x00000000fcd80000,0x00000000fd938040,0x00000000fdd80000)
  to   space 19968K, 0% used [0x00000000fb680000,0x00000000fb680000,0x00000000fca00000)
 ParOldGen       total 108544K, used 95848K [0x00000000a0000000, 0x00000000a6a00000, 0x00000000e0000000)
  object space 108544K, 88% used [0x00000000a0000000,0x00000000a5d9a2b8,0x00000000a6a00000)
 Metaspace       used 85483K, capacity 92054K, committed 92248K, reserved 1130496K
  class space    used 10770K, capacity 11878K, committed 11904K, reserved 1048576K
Event: 12316.251 GC heap after
Heap after GC invocations=56 (full 3):
 PSYoungGen      total 468992K, used 7478K [0x00000000e0000000, 0x0000000100000000, 0x0000000100000000)
  eden space 449024K, 0% used [0x00000000e0000000,0x00000000e0000000,0x00000000fb680000)
  from space 19968K, 37% used [0x00000000fb680000,0x00000000fbdcd9a8,0x00000000fca00000)
  to   space 19968K, 0% used [0x00000000fec80000,0x00000000fec80000,0x0000000100000000)
 ParOldGen       total 108544K, used 102883K [0x00000000a0000000, 0x00000000a6a00000, 0x00000000e0000000)
  object space 108544K, 94% used [0x00000000a0000000,0x00000000a6478c90,0x00000000a6a00000)
 Metaspace       used 85483K, capacity 92054K, committed 92248K, reserved 1130496K
  class space    used 10770K, capacity 11878K, committed 11904K, reserved 1048576K
}
Event: 12316.251 GC heap before
{Heap before GC invocations=57 (full 4):
 PSYoungGen      total 468992K, used 7478K [0x00000000e0000000, 0x0000000100000000, 0x0000000100000000)
  eden space 449024K, 0% used [0x00000000e0000000,0x00000000e0000000,0x00000000fb680000)
  from space 19968K, 37% used [0x00000000fb680000,0x00000000fbdcd9a8,0x00000000fca00000)
  to   space 19968K, 0% used [0x00000000fec80000,0x00000000fec80000,0x0000000100000000)
 ParOldGen       total 108544K, used 102883K [0x00000000a0000000, 0x00000000a6a00000, 0x00000000e0000000)
  object space 108544K, 94% used [0x00000000a0000000,0x00000000a6478c90,0x00000000a6a00000)
 Metaspace       used 85483K, capacity 92054K, committed 92248K, reserved 1130496K
  class space    used 10770K, capacity 11878K, committed 11904K, reserved 1048576K
Event: 12329.271 GC heap after
Heap after GC invocations=57 (full 4):
 PSYoungGen      total 468992K, used 0K [0x00000000e0000000, 0x0000000100000000, 0x0000000100000000)
  eden space 449024K, 0% used [0x00000000e0000000,0x00000000e0000000,0x00000000fb680000)
  from space 19968K, 0% used [0x00000000fb680000,0x00000000fb680000,0x00000000fca00000)
  to   space 19968K, 0% used [0x00000000fec80000,0x00000000fec80000,0x0000000100000000)
 ParOldGen       total 117248K, used 48912K [0x00000000a0000000, 0x00000000a7280000, 0x00000000e0000000)
  object space 117248K, 41% used [0x00000000a0000000,0x00000000a2fc4358,0x00000000a7280000)
 Metaspace       used 84514K, capacity 89844K, committed 92248K, reserved 1130496K
  class space    used 10503K, capacity 11409K, committed 11904K, reserved 1048576K
}

